[kali][00:13:07] - /home/kali/Sisop/soal_2/library.zip - Successfully extracted and deleted.
[kali][00:13:07] - library.zip - Successfully downloaded and extracted.
[kali][00:13:07] - uwk3G4fXwzGmK1rs.Dw8N - Successfully renamed.
[kali][00:13:07] - poqyid0J333qvo4j.roT3 - Successfully renamed.
[kali][00:13:07] - xiExn6NtYm0V3z5c.19kv - Successfully renamed.
[kali][00:13:07] - virf0O3OmibGDX6a.oyL4 - Successfully renamed.
[kali][00:13:07] - vszdsf.hgYkI7e9s.o6Kq - Successfully renamed.
[kali][00:13:07] - lwSlb6BhMa0J3n5q.19yj - Successfully renamed.
[kali][00:13:07] - v6k3G4fX5UYtZVDn.ml - Successfully renamed.
[kali][00:13:07] - NT7Tea0J333qvo4j.roT3 - Successfully renamed.
[kali][00:13:07] - ihjrbwEJuGyfKyvT.go16 - Successfully renamed.
[kali][00:13:07] - z8xkVk3G4fX3ySgP.Mr5o - Successfully renamed.
[kali][00:13:07] - M0xIk3G4fXMJYxrp.ir - Successfully renamed.
[kali][00:13:07] - mOY76rkaGk3G4fXX.ir - Successfully renamed.
[kali][00:13:07] - BHLBqm0V3RdB7x9l.h6Dj - Successfully renamed.
[kali][00:13:07] - renamed.file - Successfully renamed.
[kali][00:13:07] - J8y8zAfMw3Exm38a.x6wg - Successfully renamed.
[kali][00:13:07] - Pk3G4fXgKtb2Tktb.ml - Successfully renamed.
[kali][00:13:07] - . - Successfully renamed.
[kali][00:13:07] - x3vfjk3G4fXogQ7T.5oQV - Successfully renamed.
[kali][00:13:07] - Mw0475qCTk3G4fX6.t2a5 - Successfully renamed.
[kali][00:13:07] - SY7Yjf0O333vat4o.wtY3 - Successfully renamed.
[kali][00:13:07] - IzgVsQbk3G4fXyao.zh - Successfully renamed.
[kali][00:13:07] - iiSWVDmf0O3PJn1p.Ov4y - Successfully renamed.
[kali][00:13:07] - vD1ILzdf0O3MgJ2w.sAu4 - Successfully renamed.
[kali][00:13:07] - uXD0If0O3bR0u5jl.OoT0 - Successfully renamed.
[kali][00:13:07] - QLrk3G4fX9Gsb4nI.zh - Successfully renamed.
[kali][00:13:07] - UAEUjf0O3KwU7q9e.a6Wc - Successfully renamed.
[kali][00:13:07] - helper.ts - Successfully renamed.
[kali][00:13:07] - qdma0J3JhdwBYS6v.jtG4 - Successfully renamed.
[kali][00:13:07] - esTRkiy1w3Exm3Ks.a6cX - Successfully renamed.
[kali][00:13:07] - dMw3Exm373YAsXuR.vGO5 - Successfully renamed.
[kali][00:13:07] - YCTuywIbLw3Exm3C.cPv4 - Successfully renamed.
[kali][00:13:07] - tqjDyX2IVw3Exm39.gzO6 - Successfully renamed.
[kali][00:13:07] - vM9xjUk3G4fXXFM8.nL6Q - Successfully renamed.
[kali][00:13:07] - q2k3G4fXVUrPycTf.ml - Successfully renamed.
[kali][00:13:07] - ndy457Ok3G4fX2iS.ir - Successfully renamed.
[kali][00:13:07] - fsboasr.twzs7l9z.v6Rx - Successfully renamed.
[kali][00:13:07] - kk3G4fXCnZryDroM.zh - Successfully renamed.
[kali][00:13:07] - ZF7Fqm0V333cha4v.daF3 - Successfully renamed.
[kali][00:13:07] - backup - Successfully renamed.
[kali][00:13:07] - bApk3G4fX3kO2Odb.cn16 - Successfully renamed.
[kali][00:13:07] - qJ7k3G4fXa93jN4R.ml - Successfully renamed.
[kali][00:13:07] - calculator.py - Successfully renamed.
[kali][00:13:07] - ddNRQYha0J3KEi1k.Jq4t - Successfully renamed.
[kali][00:13:07] - ppZDCKtm0V3WQu1w.Vc4f - Successfully renamed.
[kali][00:13:07] - VPnaavfngk3G4fXz.ir - Successfully renamed.
[kali][00:13:07] - qbXqg6GmRf0O3s5v.19do - Successfully renamed.
[kali][00:13:07] - cpym0V3VtpiNKE6h.vfS4 - Successfully renamed.
[kali][00:13:07] - ZpfKzkFk3G4fX6v0.ml - Successfully renamed.
[kali][00:13:07] - ni2OZk3G4fX05zGf.zh - Successfully renamed.
[kali][00:13:07] - cK1PSgkm0V3TnQ2d.zHb4 - Successfully renamed.
[kali][00:13:07] - j1xSPPqTIk3G4fXs.Xcp5 - Successfully renamed.
[kali][00:13:07] - pSY0Da0J3wM0p5eg.JjO0 - Successfully renamed.
[kali][00:13:07] - jk3G4fXLjL7FI3yt.ml - Successfully renamed.
[kali][00:13:07] - Lk3G4fXv0Vovyjpa.ml - Successfully renamed.
[kali][00:13:07] - fEggu5YUw3Exm3Id.qN7A - Successfully renamed.
[kali][00:13:07] - RgUk3G4fXdifZqWu.zh - Successfully renamed.
[kali][00:13:07] - PVZPea0J3FrP7l9z.v6Rx - Successfully renamed.
[kali][00:13:07] - dwak3G4fXoaj8r2i.zh - Successfully renamed.
[kali][00:13:07] - oF79pifZLw3Exm3z.sx3z - Successfully renamed.
[kali][00:13:07] - gsfjsf.uca34iECK.Upw7 - Successfully renamed.
[kali][00:13:07] - yluhtlk.mpsl4mEE.py5v - Successfully renamed.
[kali][00:13:07] - k3G4fXsFOJwsVJgC.zh - Successfully renamed.
[kali][00:13:07] - utEyEk3G4fXc6s18.m13Z - Successfully renamed.
[kali][00:13:07] - jhsjbshavy.wfS6v.jtG4 - Successfully renamed.
[kali][00:13:07] - JDbsc86Xk3G4fXER.ir - Successfully renamed.
[kali][00:13:07] - hgW4E5zck3G4fXrL.ml - Successfully renamed.
[kali][00:13:07] - qY1DGuya0J3HbE2r.nVp4 - Successfully renamed.
[kali][00:13:07] - kPci6RYm0V3tAr0j.C6cr - Successfully renamed.
[kali][00:13:07] - JxAcPQnFjk3G4fXx.ir - Successfully renamed.
[kali][00:13:07] - yDqw6FMa0J3hOf0x.Q6qf - Successfully renamed.
[kali][00:13:07] - bEK0Pm0V3iY0b5qs.VvA0 - Successfully renamed.
[kali][00:13:07] - zlycly.nvt34bXVD.Nip7 - Successfully renamed.
[kali][00:13:07] - .. - Successfully renamed.
[kali][00:13:07] - dIvb6KRf0O3mTk0c.V6vk - Successfully renamed.
[kali][00:13:07] - Jkk3G4fXozc1UQNA.ir - Successfully renamed.
[kali][00:13:07] - qozqizohcf.dmB4F.az16 - Successfully renamed.
[kali][00:13:07] - Jvnt4w3Exm34uQOW.Gbi7 - Successfully renamed.
[kali][00:13:07] - server.go - Successfully renamed.
[kali][00:13:07] - n2RIvO7Rkk3G4fXF.zh - Successfully renamed.
[kali][00:13:07] - fagiSROk3G4fXA8Y.ir - Successfully renamed.
[kali][00:13:07] - Wr3N4mEnRai2Arai.tsdn - Successfully renamed.
[kali][00:13:07] - iHwr3N4mE3rV2Vki.ju16 - Successfully renamed.
[kali][00:13:07] - ukf457Vr3N4mE2pZ.py6X - Successfully renamed.
[kali][00:13:07] - QKizj86Er3N4mELY.pyN4 - Successfully renamed.
[kali][00:13:07] - YnBr3N4mEkpmGxDb.go7H - Successfully renamed.
[kali][00:13:07] - 2aLmByr3N4mErzhAh.Mg2g - Successfully renamed.
[kali][00:13:07] - GwmRgrMr3N4mE6c0.tsZ4 - Successfully renamed.
[kali][00:13:07] - g8erCr3N4mE3fZnW.Ty5v - Successfully renamed.
[kali][00:13:07] - x2r3N4mECByWfjAm.ts6X - Successfully renamed.
[kali][00:13:07] - T0ePr3N4mETQFeyw.py5v - Successfully renamed.
[kali][00:13:07] - tVF76yrhNr3N4mEE.py5v - Successfully renamed.
[kali][00:13:07] - Sr3N4mEc0Cvcfqwh.tsV0 - Successfully renamed.
[kali][00:13:07] - Q8f8gHmTd3Let38h.e6dn - Successfully deleted.
[kali][00:13:07] - e3cmqr3N4mEvnX7A.5vXC - Successfully renamed.
[kali][00:13:07] - mhnpZYVr3N4mEH8F.pyp7 - Successfully renamed.
[kali][00:13:07] - cT9eqBr3N4mEEMT8.uS6X - Successfully renamed.
[kali][00:13:07] - XSyr3N4mE9Nzi4uP.goA0 - Successfully renamed.
[kali][00:13:07] - c6r3N4mE5BFaGCKu.tsfq - Successfully renamed.
[kali][00:13:07] - kTd3Let373FHzEbY.cNV5 - Successfully deleted.
[kali][00:13:07] - PgnCzXir3N4mEfhv.goF3 - Successfully renamed.
[kali][00:13:07] - r3N4mEzMVQdzCQnJ.go5c - Successfully renamed.
[kali][00:13:07] - onD4L5gjr3N4mEyS.tsN4 - Successfully renamed.
[kali][00:13:07] - vM79wpmGSd3Let3g.ze3g - Successfully deleted.
[kali][00:13:07] - lzAYrpf1d3Let3Rz.h6jE - Successfully deleted.
[kali][00:13:07] - rr3N4mEJuGyfKyvT.goYe - Successfully renamed.
[kali][00:13:07] - baLfLr3N4mEj6z18.t13G - Successfully renamed.
[kali][00:13:07] - QeHjWXuMqr3N4mEe.pyjy - Successfully renamed.
[kali][00:13:07] - axqKfE2PCd3Let39.ngV6 - Successfully deleted.
[kali][00:13:07] - 3WV8xr3N4mEtuM24J.ts - Successfully renamed.
[kali][00:13:07] - 6Vme0d3Let3yCnFkw.Bvxm - Successfully deleted.
[kali][00:13:07] - xQ7r3N4mEh93qU4Y.ts16 - Successfully renamed.
[kali][00:13:07] - mLnnb5FBd3Let3Pk.xU7H - Successfully deleted.
[kali][00:13:07] - up2VGr3N4mE05gNm.goZ4 - Successfully renamed.
[kali][00:13:07] - Qrr3N4mEvgj1BXUH.pycr - Successfully renamed.
[kali][00:13:07] - CWuhhcmunr3N4mEg.py4m - Successfully renamed.
[kali][00:13:07] - Td0475xJAr3N4mE6.a2h5 - Successfully renamed.
[kali][00:13:07] - u2YPcV7Yrr3N4mEM.gop7 - Successfully renamed.
[kali][00:13:07] - 4gmD9wD6jqr3N4mEU.py - Successfully renamed.
[kali][00:13:07] - kdhr3N4mEvhq8y2p.goYe - Successfully renamed.
[kali][00:13:07] - 5r3N4mELAnk5j3Vdw.go - Successfully renamed.
[kali][00:13:07] - Qcua4d3Let34bXVD.Nip7 - Successfully deleted.
[kali][00:13:07] - bdr3N4mEdgNtR1yz.Kd8U - Successfully renamed.
[kali][00:13:07] - FJAbfdPiSd3Let3J.jWc4 - Successfully deleted.
[kali][00:13:07] - q1eZWWxAPr3N4mEz.Ejw5 - Successfully renamed.
[kali][00:13:07] - qr3N4mESqS7MP3fa.tsV0 - Successfully renamed.
[kali][00:13:33] - xiExn6NtYm0V3z5c.19kv - Successfully moved to backup.
[kali][00:13:33] - BHLBqm0V3RdB7x9l.h6Dj - Successfully moved to backup.
[kali][00:13:33] - 1BkDidm0V3k0Pc97x.pac3 - Successfully moved to backup.
[kali][00:13:33] - kPci6RYm0V3tAr0j.C6cr - Successfully moved to backup.
[kali][00:13:50] - xiExn6NtYm0V3z5c.19kv - Successfully restored from backup.
[kali][00:13:50] - BHLBqm0V3RdB7x9l.h6Dj - Successfully restored from backup.
[kali][00:13:50] - 1BkDidm0V3k0Pc97x.pac3 - Successfully restored from backup.
[kali][00:13:50] - kPci6RYm0V3tAr0j.C6cr - Successfully restored from backup.
